#-----------------------------------------------------------
# Vivado v2024.2 (64-bit)
# SW Build 5239630 on Fri Nov 08 22:35:27 MST 2024
# IP Build 5239520 on Sun Nov 10 16:12:51 MST 2024
# SharedData Build 5239561 on Fri Nov 08 14:39:27 MST 2024
# Start of session at: Sat Dec 14 17:48:41 2024
# Process ID         : 15284
# Current directory  : C:/Users/Mu/Documents/CPE222/Final-Project-CPE222/OV7670-Basys3
# Command line       : vivado.exe -gui_launcher_event rodinguilauncherevent34512 C:\Users\Mu\Documents\CPE222\Final-Project-CPE222\OV7670-Basys3\camera-test.xpr
# Log file           : C:/Users/Mu/Documents/CPE222/Final-Project-CPE222/OV7670-Basys3/vivado.log
# Journal file       : C:/Users/Mu/Documents/CPE222/Final-Project-CPE222/OV7670-Basys3\vivado.jou
# Running On         : LAPTOP-D1MNH2FH
# Platform           : Windows Server 2016 or Windows 10
# Operating System   : 22631
# Processor Detail   : Intel(R) Core(TM) i5-10300H CPU @ 2.50GHz
# CPU Frequency      : 2496 MHz
# CPU Physical cores : 4
# CPU Logical cores  : 8
# Host memory        : 17002 MB
# Swap memory        : 10090 MB
# Total Virtual      : 27093 MB
# Available Virtual  : 5082 MB
#-----------------------------------------------------------
start_gui
open_project C:/Users/Mu/Documents/CPE222/Final-Project-CPE222/OV7670-Basys3/camera-test.xpr
WARNING: [Board 49-26] cannot add Board Part xilinx.com:zcu208ld:part0:2.0 available at C:/Xilinx/Vivado/2024.2/data/xhub/boards/XilinxBoardStore/boards/Xilinx/zcu208ld/production/2.0/board.xml as part xczu58dr-fsvg1517-2-i specified in board_part file is either invalid or not available
WARNING: [Board 49-26] cannot add Board Part xilinx.com:zcu216ld:part0:2.0 available at C:/Xilinx/Vivado/2024.2/data/xhub/boards/XilinxBoardStore/boards/Xilinx/zcu216ld/production/2.0/board.xml as part xczu59dr-ffvf1760-2-i specified in board_part file is either invalid or not available
WARNING: [Board 49-26] cannot add Board Part xilinx.com:zcu670ld:part0:1.0 available at C:/Xilinx/Vivado/2024.2/data/xhub/boards/XilinxBoardStore/boards/Xilinx/zcu670ld/1.0/board.xml as part xczu57dr-fsve1156-2-i specified in board_part file is either invalid or not available
Scanning sources...
Finished scanning sources
INFO: [IP_Flow 19-234] Refreshing IP repositories
INFO: [IP_Flow 19-1704] No user IP repositories specified
INFO: [IP_Flow 19-2313] Loaded Vivado IP repository 'C:/Xilinx/Vivado/2024.2/data/ip'.
open_project: Time (s): cpu = 00:00:09 ; elapsed = 00:00:10 . Memory (MB): peak = 1372.422 ; gain = 267.746
update_compile_order -fileset sources_1
